unity_project_for_vr_app/Library/Bee/Android/Prj/Mono2x/Gradle/launcher/build/outputs/logs/manifest-merger-release-report.txt
-- Merging decision tree log ---
manifest
ADDED from src/main/AndroidManifest.xml:2:1-5:12
INJECTED from src/main/AndroidManifest.xml:2:1-5:12
INJECTED from src/main/AndroidManifest.xml:2:1-5:12
INJECTED from src/main/AndroidManifest.xml:2:1-5:12
MERGED from [:unityLibrary] AndroidManifest.xml:2:1-114:12
MERGED from [:InteractionSdk:] AndroidManifest.xml:2:1-9:12
MERGED from [:OVRPlugin:] AndroidManifest.xml:2:1-9:12
MERGED from [:SDKTelemetry:] AndroidManifest.xml:2:1-9:12
MERGED from [:unityLibrary:xrmanifest.androidlib] AndroidManifest.xml:2:1-14:12
INJECTED from src/main/AndroidManifest.xml:2:1-5:12
INJECTED from src/main/AndroidManifest.xml:2:1-5:12
INJECTED from src/main/AndroidManifest.xml:2:1-5:12
	package
		ADDED from src/main/AndroidManifest.xml:2:70-114
		INJECTED from src/main/AndroidManifest.xml
		INJECTED from src/main/AndroidManifest.xml
	android:versionName
		INJECTED from src/main/AndroidManifest.xml
		ADDED from src/main/AndroidManifest.xml:2:1-5:12
		INJECTED from src/main/AndroidManifest.xml
	xmlns:tools
		ADDED from src/main/AndroidManifest.xml:2:115-161
	android:versionCode
		INJECTED from src/main/AndroidManifest.xml
		ADDED from src/main/AndroidManifest.xml:2:1-5:12
		INJECTED from src/main/AndroidManifest.xml
	xmlns:android
		ADDED from src/main/AndroidManifest.xml:2:11-69
	android:installLocation
		ADDED from src/main/AndroidManifest.xml:2:162-192
application
ADDED from src/main/AndroidManifest.xml:3:3-83
MERGED from [:unityLibrary] AndroidManifest.xml:44:5-112:19
MERGED from [:unityLibrary] AndroidManifest.xml:44:5-112:19
MERGED from [:unityLibrary:xrmanifest.androidlib] AndroidManifest.xml:9:5-12:19
MERGED from [:unityLibrary:xrmanifest.androidlib] AndroidManifest.xml:9:5-12:19
	android:extractNativeLibs
		ADDED from [:unityLibrary] AndroidManifest.xml:46:9-41
	android:label
		ADDED from src/main/AndroidManifest.xml:3:16-48
	android:allowBackup
		ADDED from [:unityLibrary] AndroidManifest.xml:45:9-36
	android:icon
		ADDED from src/main/AndroidManifest.xml:3:49-80
	android:networkSecurityConfig
		ADDED from [:unityLibrary] AndroidManifest.xml:49:9-64
supports-screens
ADDED from src/main/AndroidManifest.xml:4:3-163
	android:largeScreens
		ADDED from src/main/AndroidManifest.xml:4:78-105
	android:smallScreens
		ADDED from src/main/AndroidManifest.xml:4:21-48
	android:normalScreens
		ADDED from src/main/AndroidManifest.xml:4:49-77
	android:xlargeScreens
		ADDED from src/main/AndroidManifest.xml:4:106-134
	android:anyDensity
		ADDED from src/main/AndroidManifest.xml:4:135-160
uses-sdk
INJECTED from src/main/AndroidManifest.xml reason: use-sdk injection requested
INJECTED from src/main/AndroidManifest.xml
INJECTED from src/main/AndroidManifest.xml
MERGED from [:unityLibrary] AndroidManifest.xml:7:5-9:41
MERGED from [:unityLibrary] AndroidManifest.xml:7:5-9:41
MERGED from [:InteractionSdk:] AndroidManifest.xml:7:5-47
MERGED from [:InteractionSdk:] AndroidManifest.xml:7:5-47
MERGED from [:OVRPlugin:] AndroidManifest.xml:7:5-47
MERGED from [:OVRPlugin:] AndroidManifest.xml:7:5-47
MERGED from [:SDKTelemetry:] AndroidManifest.xml:7:5-47
MERGED from [:SDKTelemetry:] AndroidManifest.xml:7:5-47
MERGED from [:unityLibrary:xrmanifest.androidlib] AndroidManifest.xml:5:5-7:41
MERGED from [:unityLibrary:xrmanifest.androidlib] AndroidManifest.xml:5:5-7:41
INJECTED from src/main/AndroidManifest.xml
INJECTED from src/main/AndroidManifest.xml
	android:targetSdkVersion
		INJECTED from src/main/AndroidManifest.xml
		ADDED from src/main/AndroidManifest.xml
		INJECTED from src/main/AndroidManifest.xml
	android:minSdkVersion
		INJECTED from src/main/AndroidManifest.xml
		ADDED from src/main/AndroidManifest.xml
		MERGED from src/main/AndroidManifest.xml
		MERGED from src/main/AndroidManifest.xml
		MERGED from src/main/AndroidManifest.xml
		INJECTED from src/main/AndroidManifest.xml
supports-gl-texture#GL_KHR_texture_compression_astc_ldr
ADDED from [:unityLibrary] AndroidManifest.xml:11:5-79
	android:name
		ADDED from [:unityLibrary] AndroidManifest.xml:11:26-76
uses-permission#android.permission.INTERNET
ADDED from [:unityLibrary] AndroidManifest.xml:13:5-67
	android:name
		ADDED from [:unityLibrary] AndroidManifest.xml:13:22-64
uses-permission#android.permission.ACCESS_NETWORK_STATE
ADDED from [:unityLibrary] AndroidManifest.xml:14:5-79
	android:name
		ADDED from [:unityLibrary] AndroidManifest.xml:14:22-76
uses-permission#android.permission.RECORD_AUDIO
ADDED from [:unityLibrary] AndroidManifest.xml:15:5-71
	android:name
		ADDED from [:unityLibrary] AndroidManifest.xml:15:22-68
uses-permission#android.permission.MODIFY_AUDIO_SETTINGS
ADDED from [:unityLibrary] AndroidManifest.xml:16:5-80
	android:name
		ADDED from [:unityLibrary] AndroidManifest.xml:16:22-77
uses-feature#0x00030000
ADDED from [:unityLibrary] AndroidManifest.xml:18:5-54
	android:glEsVersion
		ADDED from [:unityLibrary] AndroidManifest.xml:18:19-51
uses-feature#android.hardware.vulkan.version
ADDED from [:unityLibrary] AndroidManifest.xml:19:5-21:36
	android:required
		ADDED from [:unityLibrary] AndroidManifest.xml:21:9-33
	android:name
		ADDED from [:unityLibrary] AndroidManifest.xml:20:9-55
uses-feature#android.hardware.microphone
ADDED from [:unityLibrary] AndroidManifest.xml:22:5-24:36
	android:required
		ADDED from [:unityLibrary] AndroidManifest.xml:24:9-33
	android:name
		ADDED from [:unityLibrary] AndroidManifest.xml:23:9-51
uses-feature#android.hardware.touchscreen
ADDED from [:unityLibrary] AndroidManifest.xml:25:5-27:36
	android:required
		ADDED from [:unityLibrary] AndroidManifest.xml:27:9-33
	android:name
		ADDED from [:unityLibrary] AndroidManifest.xml:26:9-52
uses-feature#android.hardware.touchscreen.multitouch
ADDED from [:unityLibrary] AndroidManifest.xml:28:5-30:36
	android:required
		ADDED from [:unityLibrary] AndroidManifest.xml:30:9-33
	android:name
		ADDED from [:unityLibrary] AndroidManifest.xml:29:9-63
uses-feature#android.hardware.touchscreen.multitouch.distinct
ADDED from [:unityLibrary] AndroidManifest.xml:31:5-33:36
	android:required
		ADDED from [:unityLibrary] AndroidManifest.xml:33:9-33
	android:name
		ADDED from [:unityLibrary] AndroidManifest.xml:32:9-72
uses-feature#android.hardware.vr.headtracking
ADDED from [:unityLibrary] AndroidManifest.xml:34:5-37:31
	android:version
		ADDED from [:unityLibrary] AndroidManifest.xml:37:9-28
	android:required
		ADDED from [:unityLibrary] AndroidManifest.xml:36:9-32
	android:name
		ADDED from [:unityLibrary] AndroidManifest.xml:35:9-56
uses-feature#oculus.software.eye_tracking
ADDED from [:unityLibrary] AndroidManifest.xml:38:5-40:35
	android:required
		ADDED from [:unityLibrary] AndroidManifest.xml:40:9-32
	android:name
		ADDED from [:unityLibrary] AndroidManifest.xml:39:9-52
uses-permission#com.oculus.permission.EYE_TRACKING
ADDED from [:unityLibrary] AndroidManifest.xml:42:5-74
	android:name
		ADDED from [:unityLibrary] AndroidManifest.xml:42:22-71
meta-data#unity.splash-mode
ADDED from [:unityLibrary] AndroidManifest.xml:50:9-52:33
	android:value
		ADDED from [:unityLibrary] AndroidManifest.xml:52:13-30
	android:name
		ADDED from [:unityLibrary] AndroidManifest.xml:51:13-45
meta-data#unity.splash-enable
ADDED from [:unityLibrary] AndroidManifest.xml:53:9-55:36
	android:value
		ADDED from [:unityLibrary] AndroidManifest.xml:55:13-33
	android:name
		ADDED from [:unityLibrary] AndroidManifest.xml:54:13-47
meta-data#unity.launch-fullscreen
ADDED from [:unityLibrary] AndroidManifest.xml:56:9-58:36
	android:value
		ADDED from [:unityLibrary] AndroidManifest.xml:58:13-33
	android:name
		ADDED from [:unityLibrary] AndroidManifest.xml:57:13-51
meta-data#unity.allow-resizable-window
ADDED from [:unityLibrary] AndroidManifest.xml:59:9-61:37
	android:value
		ADDED from [:unityLibrary] AndroidManifest.xml:61:13-34
	android:name
		ADDED from [:unityLibrary] AndroidManifest.xml:60:13-56
meta-data#notch.config
ADDED from [:unityLibrary] AndroidManifest.xml:62:9-64:50
	android:value
		ADDED from [:unityLibrary] AndroidManifest.xml:64:13-47
	android:name
		ADDED from [:unityLibrary] AndroidManifest.xml:63:13-40
meta-data#unity.auto-report-fully-drawn
ADDED from [:unityLibrary] AndroidManifest.xml:65:9-67:36
	android:value
		ADDED from [:unityLibrary] AndroidManifest.xml:67:13-33
	android:name
		ADDED from [:unityLibrary] AndroidManifest.xml:66:13-57
activity#com.unity3d.player.UnityPlayerActivity
ADDED from [:unityLibrary] AndroidManifest.xml:69:9-95:20
MERGED from [:unityLibrary:xrmanifest.androidlib] AndroidManifest.xml:10:9-11:20
MERGED from [:unityLibrary:xrmanifest.androidlib] AndroidManifest.xml:10:9-11:20
	android:screenOrientation
		ADDED from [:unityLibrary] AndroidManifest.xml:76:13-50
	android:launchMode
		ADDED from [:unityLibrary] AndroidManifest.xml:74:13-44
	android:hardwareAccelerated
		ADDED from [:unityLibrary] AndroidManifest.xml:73:13-48
	android:exported
		ADDED from [:unityLibrary] AndroidManifest.xml:72:13-36
	android:resizeableActivity
		ADDED from [:unityLibrary] AndroidManifest.xml:75:13-47
	android:configChanges
		ADDED from [:unityLibrary] AndroidManifest.xml:71:13-114
	android:theme
		ADDED from [:unityLibrary] AndroidManifest.xml:77:13-77
	android:name
		ADDED from [:unityLibrary] AndroidManifest.xml:70:13-66
intent-filter#action:name:android.intent.action.MAIN+category:name:android.intent.category.LAUNCHER+category:name:com.oculus.intent.category.VR
ADDED from [:unityLibrary] AndroidManifest.xml:78:13-84:29
category#android.intent.category.LAUNCHER
ADDED from [:unityLibrary] AndroidManifest.xml:79:17-77
	android:name
		ADDED from [:unityLibrary] AndroidManifest.xml:79:27-74
action#android.intent.action.MAIN
ADDED from [:unityLibrary] AndroidManifest.xml:81:17-69
	android:name
		ADDED from [:unityLibrary] AndroidManifest.xml:81:25-66
category#com.oculus.intent.category.VR
ADDED from [:unityLibrary] AndroidManifest.xml:83:17-74
	android:name
		ADDED from [:unityLibrary] AndroidManifest.xml:83:27-71
meta-data#unityplayer.UnityActivity
ADDED from [:unityLibrary] AndroidManifest.xml:86:13-88:40
	android:value
		ADDED from [:unityLibrary] AndroidManifest.xml:88:17-37
	android:name
		ADDED from [:unityLibrary] AndroidManifest.xml:87:17-57
meta-data#notch_support
ADDED from [:unityLibrary] AndroidManifest.xml:89:13-91:40
	android:value
		ADDED from [:unityLibrary] AndroidManifest.xml:91:17-37
	android:name
		ADDED from [:unityLibrary] AndroidManifest.xml:90:17-45
meta-data#com.oculus.vr.focusaware
ADDED from [:unityLibrary] AndroidManifest.xml:92:13-94:40
	android:value
		ADDED from [:unityLibrary] AndroidManifest.xml:94:17-37
	android:name
		ADDED from [:unityLibrary] AndroidManifest.xml:93:17-56
meta-data#com.samsung.android.vr.application.mode
ADDED from [:unityLibrary] AndroidManifest.xml:97:9-99:39
	android:value
		ADDED from [:unityLibrary] AndroidManifest.xml:99:13-36
	android:name
		ADDED from [:unityLibrary] AndroidManifest.xml:98:13-67
meta-data#com.unity.xr.oculus.LowOverheadMode
ADDED from [:unityLibrary] AndroidManifest.xml:100:9-102:37
	android:value
		ADDED from [:unityLibrary] AndroidManifest.xml:102:13-34
	android:name
		ADDED from [:unityLibrary] AndroidManifest.xml:101:13-63
meta-data#com.unity.xr.oculus.LateLatching
ADDED from [:unityLibrary] AndroidManifest.xml:103:9-105:37
	android:value
		ADDED from [:unityLibrary] AndroidManifest.xml:105:13-34
	android:name
		ADDED from [:unityLibrary] AndroidManifest.xml:104:13-60
meta-data#com.unity.xr.oculus.LateLatchingDebug
ADDED from [:unityLibrary] AndroidManifest.xml:106:9-108:37
	android:value
		ADDED from [:unityLibrary] AndroidManifest.xml:108:13-34
	android:name
		ADDED from [:unityLibrary] AndroidManifest.xml:107:13-65
meta-data#com.oculus.supportedDevices
ADDED from [:unityLibrary] AndroidManifest.xml:109:9-111:47
	android:value
		ADDED from [:unityLibrary] AndroidManifest.xml:111:13-44
	android:name
		ADDED from [:unityLibrary] AndroidManifest.xml:110:13-55